# JRE version: 7.0_25-b17
# Java VM: Java HotSpot(TM) Client VM (23.25-b01 mixed mode windows-x86 )
Heap
 par new generation   total 6912K, used 2868K [0x04490000, 0x04c00000, 0x099e0000)
  eden space 6208K,  34% used [0x04490000, 0x046ad108, 0x04aa0000)
  from space 704K, 100% used [0x04b50000, 0x04c00000, 0x04c00000)
  to   space 704K,   0% used [0x04aa0000, 0x04aa0000, 0x04b50000)
 concurrent mark-sweep generation total 15064K, used 7963K [0x099e0000, 0x0a896000, 0x14490000)
 concurrent-mark-sweep perm gen total 16992K, used 10088K [0x14490000, 0x15528000, 0x18490000)
GC Heap History (10 events):
Event: 718.813 GC heap before
{Heap before GC invocations=54 (full 28):
 par new generation   total 6912K, used 6912K [0x04490000, 0x04c00000, 0x099e0000)
  eden space 6208K, 100% used [0x04490000, 0x04aa0000, 0x04aa0000)
  from space 704K, 100% used [0x04aa0000, 0x04b50000, 0x04b50000)
  to   space 704K,   0% used [0x04b50000, 0x04b50000, 0x04c00000)
 concurrent mark-sweep generation total 15064K, used 9479K [0x099e0000, 0x0a896000, 0x14490000)
 concurrent-mark-sweep perm gen total 16992K, used 10088K [0x14490000, 0x15528000, 0x18490000)
Event: 718.823 GC heap after
Heap after GC invocations=55 (full 28):
 par new generation   total 6912K, used 704K [0x04490000, 0x04c00000, 0x099e0000)
  eden space 6208K,   0% used [0x04490000, 0x04490000, 0x04aa0000)
  from space 704K, 100% used [0x04b50000, 0x04c00000, 0x04c00000)
  to   space 704K,   0% used [0x04aa0000, 0x04aa0000, 0x04b50000)
 concurrent mark-sweep generation total 15064K, used 10991K [0x099e0000, 0x0a896000, 0x14490000)
 concurrent-mark-sweep perm gen total 16992K, used 10088K [0x14490000, 0x15528000, 0x18490000)
}
Event: 719.090 GC heap before
{Heap before GC invocations=55 (full 28):
 par new generation   total 6912K, used 6912K [0x04490000, 0x04c00000, 0x099e0000)
  eden space 6208K, 100% used [0x04490000, 0x04aa0000, 0x04aa0000)
  from space 704K, 100% used [0x04b50000, 0x04c00000, 0x04c00000)
  to   space 704K,   0% used [0x04aa0000, 0x04aa0000, 0x04b50000)
 concurrent mark-sweep generation total 15064K, used 7032K [0x099e0000, 0x0a896000, 0x14490000)
 concurrent-mark-sweep perm gen total 16992K, used 10088K [0x14490000, 0x15528000, 0x18490000)
Event: 719.098 GC heap after
Heap after GC invocations=56 (full 28):
 par new generation   total 6912K, used 704K [0x04490000, 0x04c00000, 0x099e0000)
  eden space 6208K,   0% used [0x04490000, 0x04490000, 0x04aa0000)
  from space 704K, 100% used [0x04aa0000, 0x04b50000, 0x04b50000)
  to   space 704K,   0% used [0x04b50000, 0x04b50000, 0x04c00000)
 concurrent mark-sweep generation total 15064K, used 8390K [0x099e0000, 0x0a896000, 0x14490000)
 concurrent-mark-sweep perm gen total 16992K, used 10088K [0x14490000, 0x15528000, 0x18490000)
}
Event: 719.365 GC heap before
{Heap before GC invocations=56 (full 28):
 par new generation   total 6912K, used 6912K [0x04490000, 0x04c00000, 0x099e0000)
  eden space 6208K, 100% used [0x04490000, 0x04aa0000, 0x04aa0000)
  from space 704K, 100% used [0x04aa0000, 0x04b50000, 0x04b50000)
  to   space 704K,   0% used [0x04b50000, 0x04b50000, 0x04c00000)
 concurrent mark-sweep generation total 15064K, used 8390K [0x099e0000, 0x0a896000, 0x14490000)
 concurrent-mark-sweep perm gen total 16992K, used 10088K [0x14490000, 0x15528000, 0x18490000)
Event: 719.374 GC heap after
Heap after GC invocations=57 (full 28):
 par new generation   total 6912K, used 704K [0x04490000, 0x04c00000, 0x099e0000)
  eden space 6208K,   0% used [0x04490000, 0x04490000, 0x04aa0000)
  from space 704K, 100% used [0x04b50000, 0x04c00000, 0x04c00000)
  to   space 704K,   0% used [0x04aa0000, 0x04aa0000, 0x04b50000)
 concurrent mark-sweep generation total 15064K, used 9679K [0x099e0000, 0x0a896000, 0x14490000)
 concurrent-mark-sweep perm gen total 16992K, used 10088K [0x14490000, 0x15528000, 0x18490000)
}
Event: 719.635 GC heap before
{Heap before GC invocations=57 (full 29):
 par new generation   total 6912K, used 6912K [0x04490000, 0x04c00000, 0x099e0000)
  eden space 6208K, 100% used [0x04490000, 0x04aa0000, 0x04aa0000)
  from space 704K, 100% used [0x04b50000, 0x04c00000, 0x04c00000)
  to   space 704K,   0% used [0x04aa0000, 0x04aa0000, 0x04b50000)
 concurrent mark-sweep generation total 15064K, used 9679K [0x099e0000, 0x0a896000, 0x14490000)
 concurrent-mark-sweep perm gen total 16992K, used 10088K [0x14490000, 0x15528000, 0x18490000)
Event: 719.643 GC heap after
Heap after GC invocations=58 (full 29):
 par new generation   total 6912K, used 704K [0x04490000, 0x04c00000, 0x099e0000)
  eden space 6208K,   0% used [0x04490000, 0x04490000, 0x04aa0000)
  from space 704K, 100% used [0x04aa0000, 0x04b50000, 0x04b50000)
  to   space 704K,   0% used [0x04b50000, 0x04b50000, 0x04c00000)
 concurrent mark-sweep generation total 15064K, used 10942K [0x099e0000, 0x0a896000, 0x14490000)
 concurrent-mark-sweep perm gen total 16992K, used 10088K [0x14490000, 0x15528000, 0x18490000)
}
Event: 719.919 GC heap before
{Heap before GC invocations=58 (full 29):
 par new generation   total 6912K, used 6912K [0x04490000, 0x04c00000, 0x099e0000)
  eden space 6208K, 100% used [0x04490000, 0x04aa0000, 0x04aa0000)
  from space 704K, 100% used [0x04aa0000, 0x04b50000, 0x04b50000)
  to   space 704K,   0% used [0x04b50000, 0x04b50000, 0x04c00000)
 concurrent mark-sweep generation total 15064K, used 10942K [0x099e0000, 0x0a896000, 0x14490000)
 concurrent-mark-sweep perm gen total 16992K, used 10088K [0x14490000, 0x15528000, 0x18490000)
Event: 719.927 GC heap after
Heap after GC invocations=59 (full 29):
 par new generation   total 6912K, used 704K [0x04490000, 0x04c00000, 0x099e0000)
  eden space 6208K,   0% used [0x04490000, 0x04490000, 0x04aa0000)
  from space 704K, 100% used [0x04b50000, 0x04c00000, 0x04c00000)
  to   space 704K,   0% used [0x04aa0000, 0x04aa0000, 0x04b50000)
 concurrent mark-sweep generation total 15064K, used 12241K [0x099e0000, 0x0a896000, 0x14490000)
 concurrent-mark-sweep perm gen total 16992K, used 10088K [0x14490000, 0x15528000, 0x18490000)
}

